#
# There is insufficient memory for the Java Runtime Environment to continue.
# Native memory allocation (malloc) failed to allocate 1048576 bytes for AllocateHeap
# Possible reasons:
#   The system is out of physical RAM or swap space
#   The process is running with CompressedOops enabled, and the Java Heap may be blocking the growth of the native heap
# Possible solutions:
#   Reduce memory load on the system
#   Increase physical memory or swap space
#   Check if swap backing store is full
#   Decrease Java heap size (-Xmx/-Xms)
#   Decrease number of Java threads
#   Decrease Java thread stack sizes (-Xss)
#   Set larger code cache with -XX:ReservedCodeCacheSize=
#   JVM is running with Unscaled Compressed Oops mode in which the Java heap is
#     placed in the first 4GB address space. The Java Heap base address is the
#     maximum limit for the native heap growth. Please use -XX:HeapBaseMinAddress
#     to set the Java Heap base and to place the Java Heap above 4GB virtual address.
# This output file may be truncated or incomplete.
#
#  Out of Memory Error (allocation.cpp:44), pid=2480, tid=6152
#
# JRE version:  (17.0.6+10) (build )
# Java VM: OpenJDK 64-Bit Server VM (17.0.6+10-b829.9, mixed mode, sharing, tiered, compressed oops, compressed class ptrs, g1 gc, windows-amd64)
# No core dump will be written. Minidumps are not enabled by default on client versions of Windows
#

---------------  S U M M A R Y ------------

Command Line: git4idea.http.GitAskPassApp Username for 'https://github.com': 

Host: 12th Gen Intel(R) Core(TM) i9-12900K, 24 cores, 31G,  Windows 11 , 64 bit Build 22621 (10.0.22621.1635)
Time: Sat May 20 21:48:49 2023  Windows 11 , 64 bit Build 22621 (10.0.22621.1635) elapsed time: 0.012071 seconds (0d 0h 0m 0s)

---------------  T H R E A D  ---------------

Current thread (0x000001ce61fc9ab0):  JavaThread "Unknown thread" [_thread_in_vm, id=6152, stack(0x00000064cf800000,0x00000064cf900000)]

Stack: [0x00000064cf800000,0x00000064cf900000]
Native frames: (J=compiled Java code, j=interpreted, Vv=VM code, C=native code)
V  [jvm.dll+0x683c5a]
V  [jvm.dll+0x842764]
V  [jvm.dll+0x843f5e]
V  [jvm.dll+0x8445c3]
V  [jvm.dll+0x249b75]
V  [jvm.dll+0xa641f]
V  [jvm.dll+0x2db8c4]
V  [jvm.dll+0x81401c]
V  [jvm.dll+0x36e6a1]
V  [jvm.dll+0x7f358c]
V  [jvm.dll+0x3f0e8f]
V  [jvm.dll+0x3f29d1]
C  [jli.dll+0x526b]
C  [ucrtbase.dll+0x29363]
C  [KERNEL32.DLL+0x126ad]
C  [ntdll.dll+0x5a9f8]


---------------  P R O C E S S  ---------------

Threads class SMR info:
_java_thread_list=0x00007ffce980c058, length=0, elements={
}

Java Threads: ( => current thread )

Other Threads:

=>0x000001ce61fc9ab0 (exited) JavaThread "Unknown thread" [_thread_in_vm, id=6152, stack(0x00000064cf800000,0x00000064cf900000)]

Threads with active compile tasks:

VM state: not at safepoint (not fully initialized)

VM Mutex/Monitor currently owned by a thread: None

Heap address: 0x0000000000000000, size: 0 MB, Compressed Oops mode: 32-bit

CDS archive(s) mapped at: [0x0000000000000000-0x0000000000000000-0x0000000000000000), size 0, SharedBaseAddress: 0x0000000800000000, ArchiveRelocationMode: 0.
Narrow klass base: 0x0000000000000000, Narrow klass shift: 0, Narrow klass range: 0x0

GC Precious Log:
<Empty>

GC Heap History (0 events):
No events

Dll operation events (1 events):
Event: 0.003 Loaded shared library E:\Programs\WebStorm 2022.3.1\jbr\bin\java.dll

Deoptimization events (0 events):
No events

Classes unloaded (0 events):
No events

Classes redefined (0 events):
No events

Internal exceptions (0 events):
No events

VM Operations (0 events):
No events

Events (0 events):
No events


Dynamic libraries:
0x00007ff79abf0000 - 0x00007ff79abfa000 	E:\Programs\WebStorm 2022.3.1\jbr\bin\java.exe
0x00007ffd747b0000 - 0x00007ffd749c4000 	C:\Windows\SYSTEM32\ntdll.dll
0x00007ffd735b0000 - 0x00007ffd73672000 	C:\Windows\System32\KERNEL32.DLL
0x00007ffd71ea0000 - 0x00007ffd72243000 	C:\Windows\System32\KERNELBASE.dll
0x00007ffd72490000 - 0x00007ffd725a1000 	C:\Windows\System32\ucrtbase.dll
0x00007ffd62570000 - 0x00007ffd62587000 	E:\Programs\WebStorm 2022.3.1\jbr\bin\jli.dll
0x00007ffd2cf20000 - 0x00007ffd2cf3b000 	E:\Programs\WebStorm 2022.3.1\jbr\bin\VCRUNTIME140.dll
0x00007ffd739e0000 - 0x00007ffd73b8b000 	C:\Windows\System32\USER32.dll
0x00007ffd72370000 - 0x00007ffd72396000 	C:\Windows\System32\win32u.dll
0x00007ffd64880000 - 0x00007ffd64b0e000 	C:\Windows\WinSxS\amd64_microsoft.windows.common-controls_6595b64144ccf1df_6.0.22621.1635_none_270f70857386168e\COMCTL32.dll
0x00007ffd73d90000 - 0x00007ffd73db9000 	C:\Windows\System32\GDI32.dll
0x00007ffd73c70000 - 0x00007ffd73d17000 	C:\Windows\System32\msvcrt.dll
0x00007ffd72250000 - 0x00007ffd72368000 	C:\Windows\System32\gdi32full.dll
0x00007ffd71e00000 - 0x00007ffd71e9a000 	C:\Windows\System32\msvcp_win.dll
0x00007ffd73560000 - 0x00007ffd73591000 	C:\Windows\System32\IMM32.DLL
0x00007ffd62320000 - 0x00007ffd6232c000 	E:\Programs\WebStorm 2022.3.1\jbr\bin\vcruntime140_1.dll
0x00007ffd26af0000 - 0x00007ffd26b7d000 	E:\Programs\WebStorm 2022.3.1\jbr\bin\msvcp140.dll
0x00007ffce8cd0000 - 0x00007ffce993e000 	E:\Programs\WebStorm 2022.3.1\jbr\bin\server\jvm.dll
0x00007ffd72610000 - 0x00007ffd726be000 	C:\Windows\System32\ADVAPI32.dll
0x00007ffd73930000 - 0x00007ffd739d4000 	C:\Windows\System32\sechost.dll
0x00007ffd74640000 - 0x00007ffd74757000 	C:\Windows\System32\RPCRT4.dll
0x00007ffd66810000 - 0x00007ffd66844000 	C:\Windows\SYSTEM32\WINMM.dll
0x00007ffcf2b10000 - 0x00007ffcf2b19000 	C:\Windows\SYSTEM32\WSOCK32.dll
0x00007ffd697b0000 - 0x00007ffd697ba000 	C:\Windows\SYSTEM32\VERSION.dll
0x00007ffd734c0000 - 0x00007ffd73531000 	C:\Windows\System32\WS2_32.dll
0x00007ffd70cd0000 - 0x00007ffd70ce8000 	C:\Windows\SYSTEM32\kernel.appcore.dll
0x00007ffd6e790000 - 0x00007ffd6e79a000 	E:\Programs\WebStorm 2022.3.1\jbr\bin\jimage.dll
0x00007ffd65070000 - 0x00007ffd6529e000 	C:\Windows\SYSTEM32\DBGHELP.DLL
0x00007ffd73f40000 - 0x00007ffd742c9000 	C:\Windows\System32\combase.dll
0x00007ffd73b90000 - 0x00007ffd73c67000 	C:\Windows\System32\OLEAUT32.dll
0x00007ffd57d00000 - 0x00007ffd57d32000 	C:\Windows\SYSTEM32\dbgcore.DLL
0x00007ffd72410000 - 0x00007ffd7248b000 	C:\Windows\System32\bcryptPrimitives.dll
0x00007ffd6e550000 - 0x00007ffd6e575000 	E:\Programs\WebStorm 2022.3.1\jbr\bin\java.dll

dbghelp: loaded successfully - version: 4.0.5 - missing functions: none
symbol engine: initialized successfully - sym options: 0x614 - pdb path: .;E:\Programs\WebStorm 2022.3.1\jbr\bin;C:\Windows\SYSTEM32;C:\Windows\WinSxS\amd64_microsoft.windows.common-controls_6595b64144ccf1df_6.0.22621.1635_none_270f70857386168e;E:\Programs\WebStorm 2022.3.1\jbr\bin\server

VM Arguments:
java_command: git4idea.http.GitAskPassApp Username for 'https://github.com': 
java_class_path (initial): E:/Programs/WebStorm 2022.3.1/plugins/vcs-git/lib/git4idea-rt.jar;E:/Programs/WebStorm 2022.3.1/lib/externalProcess-rt.jar
Launcher Type: SUN_STANDARD

[Global flags]
     intx CICompilerCount                          = 12                                        {product} {ergonomic}
     uint ConcGCThreads                            = 5                                         {product} {ergonomic}
     uint G1ConcRefinementThreads                  = 18                                        {product} {ergonomic}
   size_t G1HeapRegionSize                         = 4194304                                   {product} {ergonomic}
    uintx GCDrainStackTargetSize                   = 64                                        {product} {ergonomic}
   size_t InitialHeapSize                          = 532676608                                 {product} {ergonomic}
   size_t MarkStackSize                            = 4194304                                   {product} {ergonomic}
   size_t MaxHeapSize                              = 8522825728                                {product} {ergonomic}
   size_t MinHeapDeltaBytes                        = 4194304                                   {product} {ergonomic}
   size_t MinHeapSize                              = 8388608                                   {product} {ergonomic}
    uintx NonNMethodCodeHeapSize                   = 7602480                                {pd product} {ergonomic}
    uintx NonProfiledCodeHeapSize                  = 122027880                              {pd product} {ergonomic}
    uintx ProfiledCodeHeapSize                     = 122027880                              {pd product} {ergonomic}
    uintx ReservedCodeCacheSize                    = 251658240                              {pd product} {ergonomic}
     bool SegmentedCodeCache                       = true                                      {product} {ergonomic}
   size_t SoftMaxHeapSize                          = 8522825728                             {manageable} {ergonomic}
     bool UseCompressedClassPointers               = true                           {product lp64_product} {ergonomic}
     bool UseCompressedOops                        = true                           {product lp64_product} {ergonomic}
     bool UseG1GC                                  = true                                      {product} {ergonomic}
     bool UseLargePagesIndividualAllocation        = false                                  {pd product} {ergonomic}

Logging:
Log output configuration:
 #0: stdout all=warning uptime,level,tags
 #1: stderr all=off uptime,level,tags

Environment Variables:
PATH=C:\Program Files\Git\mingw64\libexec\git-core;C:\Program Files\Git\mingw64\libexec\git-core;C:\Program Files\Git\mingw64\bin;C:\Program Files\Git\usr\bin;C:\Users\max16\bin;C:\Python311\Scripts;C:\Python311;C:\Windows\system32;C:\Windows;C:\Windows\System32\Wbem;C:\Windows\System32\WindowsPowerShell\v1.0;C:\Windows\System32\OpenSSH;C:\Program Files\Git\cmd;C:\Program Files (x86)\NVIDIA Corporation\PhysX\Common;C:\Program Files\nodejs;C:\ProgramData\chocolatey\bin;C:\Program Files\Docker\Docker\resources\bin;C:\Program Files\dotnet;C:\Program Files\NVIDIA Corporation\NVIDIA NvDLISR;C:\Users\max16\AppData\Local\Microsoft\WindowsApps;E:\Programs\WebStorm 2022.3.1\bin;C:\Users\max16\AppData\Roaming\npm;C:\Users\max16\AppData\Local\JetBrains\Toolbox\scripts
USERNAME=max16
DISPLAY=:0.0
LC_ALL=en_US.UTF-8
TERM=xterm-256color
TMPDIR=C:\Users\max16\AppData\Local\Temp
OS=Windows_NT
PROCESSOR_IDENTIFIER=Intel64 Family 6 Model 151 Stepping 2, GenuineIntel
TMP=C:\Users\max16\AppData\Local\Temp
TEMP=C:\Users\max16\AppData\Local\Temp


JNI global refs:

[error occurred during error reporting (JNI global references), id 0xc0000005, EXCEPTION_ACCESS_VIOLATION (0xc0000005) at pc=0x00007ffce8d87a10]


---------------  S Y S T E M  ---------------

OS:
 Windows 11 , 64 bit Build 22621 (10.0.22621.1635)
OS uptime: 3 days 4:43 hours
Hyper-V role detected

CPU: total 24 (initial active 24) (12 cores per cpu, 2 threads per core) family 6 model 151 stepping 2 microcode 0x23, cx8, cmov, fxsr, ht, mmx, 3dnowpref, sse, sse2, sse3, ssse3, sse4.1, sse4.2, popcnt, lzcnt, tsc, tscinvbit, avx, avx2, aes, erms, clmul, bmi1, bmi2, adx, sha, fma, vzeroupper, clflush, clflushopt, clwb, hv

Memory: 4k page, system-wide physical 32509M (3048M free)
TotalPageFile size 64415M (AvailPageFile size 4M)
current process WorkingSet (physical memory assigned to process): 11M, peak: 11M
current process commit charge ("private bytes"): 16M, peak: 16M

vm_info: OpenJDK 64-Bit Server VM (17.0.6+10-b829.9) for windows-amd64 JRE (17.0.6+10-b829.9), built on 2023-04-09 by "builduser" with MS VC++ 16.10 / 16.11 (VS2019)

END.
